1
0
1
ASSEMBLY
1
PART-1-1
PART-1
1
PART-1-1
11
1 1
2 2
3 3
4 4
5 5
6 6
7 7
8 8
9 9
10 10
11 11
1 1
2 2
3 3
4 4
5 5
6 6
7 7
8 8
9 9
10 10
11 11
0
1
PART-1-1
10
1 1
2 2
3 3
4 4
5 5
6 6
7 7
8 8
9 9
10 10
1 1
2 2
3 3
4 4
5 5
6 6
7 7
8 8
9 9
10 10
0
0
1
PART-1-1
2
SET-1
0
1
10
1 2 3 4 5 6 7 8 9 10 
0
0
SET-2
0
1
10
1 2 3 4 5 6 7 8 9 10 
0
0
0
2
SET-1
0
1
0
1
PART-1-1
1
1 
0
SET-2
0
1
0
1
PART-1-1
1
11 
0
1
PART-1-1
2
SET-1
0
1
11
1 2 3 4 5 6 7 8 9 10 11 
0
0
SET-2
0
1
11
1 2 3 4 5 6 7 8 9 10 11 
0
0
0
0
0
